<?xml version="1.0" encoding="UTF-8" ?>
<testsuite tests="12" failures="4" name="TestRunner.RunnerTest" time="2.387" errors="0" skipped="0">
  <properties>
[...]
</properties>
  <testcase classname="Scenario: Validate Invalid Password" name="Given User is on Yahoo Login Page" time="0.01"/>
  <testcase classname="Scenario: Validate Invalid Password" name="When user submits the name" time="0"/>
  <testcase classname="Scenario: Validate Invalid Password" name="Then user submits the invalid password" time="0.021">
    <failure message="expected:&lt;Yahoo[o]&gt; but was:&lt;Yahoo[]&gt;" type="junit.framework.ComparisonFailure">junit.framework.ComparisonFailure: expected:&lt;Yahoo[o]&gt; but was:&lt;Yahoo[]&gt;
	at junit.framework.Assert.assertEquals(Assert.java:100)
	at junit.framework.Assert.assertEquals(Assert.java:107)
	at StepDefinitions.Steps.user_submits_the_invalid_password(Steps.java:93)
	at ✽.Then user submits the invalid password(G:/SeleniumCucumberWorkSpace/Yahoo/src/main/java/FeatureFile/Login.feature:9)
</failure>
  </testcase>
  <testcase classname="Scenario: Validate Invalid Password" name="Scenario: Validate Invalid Password" time="0.022">
    <failure message="expected:&lt;Yahoo[o]&gt; but was:&lt;Yahoo[]&gt;" type="junit.framework.ComparisonFailure">junit.framework.ComparisonFailure: expected:&lt;Yahoo[o]&gt; but was:&lt;Yahoo[]&gt;
	at junit.framework.Assert.assertEquals(Assert.java:100)
	at junit.framework.Assert.assertEquals(Assert.java:107)
	at StepDefinitions.Steps.user_submits_the_invalid_password(Steps.java:93)
	at ✽.Then user submits the invalid password(G:/SeleniumCucumberWorkSpace/Yahoo/src/main/java/FeatureFile/Login.feature:9)
</failure>
  </testcase>
  <testcase classname="Scenario: Validate Title" name="Given user is on uipractice page" time="0"/>
  <testcase classname="Scenario: Validate Title" name="When clicks on Home Link" time="0"/>
  <testcase classname="Scenario: Validate Title" name="Then user lands on Home page" time="0.001">
    <failure message="expected:&lt;Testing Controls[ ]&gt; but was:&lt;Testing Controls[]&gt;" type="junit.framework.ComparisonFailure">junit.framework.ComparisonFailure: expected:&lt;Testing Controls[ ]&gt; but was:&lt;Testing Controls[]&gt;
	at junit.framework.Assert.assertEquals(Assert.java:100)
	at junit.framework.Assert.assertEquals(Assert.java:107)
	at StepDefinitions.Steps.user_lands_on_Home_page(Steps.java:121)
	at ✽.Then user lands on Home page(G:/SeleniumCucumberWorkSpace/Yahoo/src/main/java/FeatureFile/Login.feature:17)
</failure>
  </testcase>
  <testcase classname="Scenario: Validate Title" name="Scenario: Validate Title" time="0.001">
    <failure message="expected:&lt;Testing Controls[ ]&gt; but was:&lt;Testing Controls[]&gt;" type="junit.framework.ComparisonFailure">junit.framework.ComparisonFailure: expected:&lt;Testing Controls[ ]&gt; but was:&lt;Testing Controls[]&gt;
	at junit.framework.Assert.assertEquals(Assert.java:100)
	at junit.framework.Assert.assertEquals(Assert.java:107)
	at StepDefinitions.Steps.user_lands_on_Home_page(Steps.java:121)
	at ✽.Then user lands on Home page(G:/SeleniumCucumberWorkSpace/Yahoo/src/main/java/FeatureFile/Login.feature:17)
</failure>
  </testcase>
  <testcase classname="Scenario: Login to Justanswer" name="Given user in on Justanswer Home page" time="0"/>
  <testcase classname="Scenario: Login to Justanswer" name="When user clicks on continue button" time="0"/>
  <testcase classname="Scenario: Login to Justanswer" name="Then user should see the error message &quot;Enter your question here to continue...&quot;" time="0"/>
  <testcase classname="Scenario: Login to Justanswer" name="Scenario: Login to Justanswer" time="2.332"/>
</testsuite>